Starting audit...
Audit done.
Starting audit...
Audit done.
Starting audit...
[ERROR] /Users/heerak/git/ADS-2/ADS-2/m12/ADS-2_Exam-2/In.java:97: Line has trailing spaces. [RegexpSingleline]
[ERROR] /Users/heerak/git/ADS-2/ADS-2/m12/ADS-2_Exam-2/In.java:107:15: Parameter socket should be final. [FinalParameters]
[ERROR] /Users/heerak/git/ADS-2/ADS-2/m12/ADS-2_Exam-2/In.java:108: Line has trailing spaces. [RegexpSingleline]
[ERROR] /Users/heerak/git/ADS-2/ADS-2/m12/ADS-2_Exam-2/In.java:109:76: '}' at column 76 should have line break before. [RightCurly]
[ERROR] /Users/heerak/git/ADS-2/ADS-2/m12/ADS-2_Exam-2/In.java:124:15: Parameter url should be final. [FinalParameters]
[ERROR] /Users/heerak/git/ADS-2/ADS-2/m12/ADS-2_Exam-2/In.java:125: Line has trailing spaces. [RegexpSingleline]
[ERROR] /Users/heerak/git/ADS-2/ADS-2/m12/ADS-2_Exam-2/In.java:126:73: '}' at column 73 should have line break before. [RightCurly]
[ERROR] /Users/heerak/git/ADS-2/ADS-2/m12/ADS-2_Exam-2/In.java:131:13: '(' should be on the previous line. [MethodParamPad]
[ERROR] /Users/heerak/git/ADS-2/ADS-2/m12/ADS-2_Exam-2/In.java:143:15: Parameter file should be final. [FinalParameters]
[ERROR] /Users/heerak/git/ADS-2/ADS-2/m12/ADS-2_Exam-2/In.java:144: Line has trailing spaces. [RegexpSingleline]
[ERROR] /Users/heerak/git/ADS-2/ADS-2/m12/ADS-2_Exam-2/In.java:145:74: '}' at column 74 should have line break before. [RightCurly]
[ERROR] /Users/heerak/git/ADS-2/ADS-2/m12/ADS-2_Exam-2/In.java:147: Line is longer than 80 characters (found 87). [LineLength]
[ERROR] /Users/heerak/git/ADS-2/ADS-2/m12/ADS-2_Exam-2/In.java:155:13: '(' should be on the previous line. [MethodParamPad]
[ERROR] /Users/heerak/git/ADS-2/ADS-2/m12/ADS-2_Exam-2/In.java:167:15: Parameter name should be final. [FinalParameters]
[ERROR] /Users/heerak/git/ADS-2/ADS-2/m12/ADS-2_Exam-2/In.java:168: Line has trailing spaces. [RegexpSingleline]
[ERROR] /Users/heerak/git/ADS-2/ADS-2/m12/ADS-2_Exam-2/In.java:169:69: '}' at column 69 should have line break before. [RightCurly]
[ERROR] /Users/heerak/git/ADS-2/ADS-2/m12/ADS-2_Exam-2/In.java:179:17: '(' should be on the previous line. [MethodParamPad]
[ERROR] /Users/heerak/git/ADS-2/ADS-2/m12/ADS-2_Exam-2/In.java:195: Line is longer than 80 characters (found 81). [LineLength]
[ERROR] /Users/heerak/git/ADS-2/ADS-2/m12/ADS-2_Exam-2/In.java:199:13: '(' should be on the previous line. [MethodParamPad]
[ERROR] /Users/heerak/git/ADS-2/ADS-2/m12/ADS-2_Exam-2/In.java:203:13: '(' should be on the previous line. [MethodParamPad]
[ERROR] /Users/heerak/git/ADS-2/ADS-2/m12/ADS-2_Exam-2/In.java:217:15: Parameter scanner should be final. [FinalParameters]
[ERROR] /Users/heerak/git/ADS-2/ADS-2/m12/ADS-2_Exam-2/In.java:217:23: 'scanner' hides a field. [HiddenField]
[ERROR] /Users/heerak/git/ADS-2/ADS-2/m12/ADS-2_Exam-2/In.java:218: 'if' construct must use '{}'s. [NeedBraces]
[ERROR] /Users/heerak/git/ADS-2/ADS-2/m12/ADS-2_Exam-2/In.java:219:13: '(' should be on the previous line. [MethodParamPad]
[ERROR] /Users/heerak/git/ADS-2/ADS-2/m12/ADS-2_Exam-2/In.java:236: Line has trailing spaces. [RegexpSingleline]
[ERROR] /Users/heerak/git/ADS-2/ADS-2/m12/ADS-2_Exam-2/In.java:248: Line has trailing spaces. [RegexpSingleline]
[ERROR] /Users/heerak/git/ADS-2/ADS-2/m12/ADS-2_Exam-2/In.java:258: Line has trailing spaces. [RegexpSingleline]
[ERROR] /Users/heerak/git/ADS-2/ADS-2/m12/ADS-2_Exam-2/In.java:274: Line has trailing spaces. [RegexpSingleline]
[ERROR] /Users/heerak/git/ADS-2/ADS-2/m12/ADS-2_Exam-2/In.java:301:13: '(' should be on the previous line. [MethodParamPad]
[ERROR] /Users/heerak/git/ADS-2/ADS-2/m12/ADS-2_Exam-2/In.java:302: Line is longer than 80 characters (found 83). [LineLength]
[ERROR] /Users/heerak/git/ADS-2/ADS-2/m12/ADS-2_Exam-2/In.java:330:13: '(' should be on the previous line. [MethodParamPad]
[ERROR] /Users/heerak/git/ADS-2/ADS-2/m12/ADS-2_Exam-2/In.java:331: Line is longer than 80 characters (found 83). [LineLength]
[ERROR] /Users/heerak/git/ADS-2/ADS-2/m12/ADS-2_Exam-2/In.java:340: Line has trailing spaces. [RegexpSingleline]
[ERROR] /Users/heerak/git/ADS-2/ADS-2/m12/ADS-2_Exam-2/In.java:349:13: '(' should be on the previous line. [MethodParamPad]
[ERROR] /Users/heerak/git/ADS-2/ADS-2/m12/ADS-2_Exam-2/In.java:350: Line is longer than 80 characters (found 90). [LineLength]
[ERROR] /Users/heerak/git/ADS-2/ADS-2/m12/ADS-2_Exam-2/In.java:353:13: '(' should be on the previous line. [MethodParamPad]
[ERROR] /Users/heerak/git/ADS-2/ADS-2/m12/ADS-2_Exam-2/In.java:354: Line is longer than 80 characters (found 83). [LineLength]
[ERROR] /Users/heerak/git/ADS-2/ADS-2/m12/ADS-2_Exam-2/In.java:358: Line is longer than 80 characters (found 83). [LineLength]
[ERROR] /Users/heerak/git/ADS-2/ADS-2/m12/ADS-2_Exam-2/In.java:362: Line has trailing spaces. [RegexpSingleline]
[ERROR] /Users/heerak/git/ADS-2/ADS-2/m12/ADS-2_Exam-2/In.java:371:13: '(' should be on the previous line. [MethodParamPad]
[ERROR] /Users/heerak/git/ADS-2/ADS-2/m12/ADS-2_Exam-2/In.java:372: Line is longer than 80 characters (found 90). [LineLength]
[ERROR] /Users/heerak/git/ADS-2/ADS-2/m12/ADS-2_Exam-2/In.java:375:13: '(' should be on the previous line. [MethodParamPad]
[ERROR] /Users/heerak/git/ADS-2/ADS-2/m12/ADS-2_Exam-2/In.java:376: Line is longer than 80 characters (found 83). [LineLength]
[ERROR] /Users/heerak/git/ADS-2/ADS-2/m12/ADS-2_Exam-2/In.java:380: Line has trailing spaces. [RegexpSingleline]
[ERROR] /Users/heerak/git/ADS-2/ADS-2/m12/ADS-2_Exam-2/In.java:385: Line has trailing spaces. [RegexpSingleline]
[ERROR] /Users/heerak/git/ADS-2/ADS-2/m12/ADS-2_Exam-2/In.java:394:13: '(' should be on the previous line. [MethodParamPad]
[ERROR] /Users/heerak/git/ADS-2/ADS-2/m12/ADS-2_Exam-2/In.java:395: Line is longer than 80 characters (found 90). [LineLength]
[ERROR] /Users/heerak/git/ADS-2/ADS-2/m12/ADS-2_Exam-2/In.java:398:13: '(' should be on the previous line. [MethodParamPad]
[ERROR] /Users/heerak/git/ADS-2/ADS-2/m12/ADS-2_Exam-2/In.java:399: Line is longer than 80 characters (found 83). [LineLength]
[ERROR] /Users/heerak/git/ADS-2/ADS-2/m12/ADS-2_Exam-2/In.java:403: Line is longer than 80 characters (found 81). [LineLength]
[ERROR] /Users/heerak/git/ADS-2/ADS-2/m12/ADS-2_Exam-2/In.java:407: Line has trailing spaces. [RegexpSingleline]
[ERROR] /Users/heerak/git/ADS-2/ADS-2/m12/ADS-2_Exam-2/In.java:416:13: '(' should be on the previous line. [MethodParamPad]
[ERROR] /Users/heerak/git/ADS-2/ADS-2/m12/ADS-2_Exam-2/In.java:417: Line is longer than 80 characters (found 90). [LineLength]
[ERROR] /Users/heerak/git/ADS-2/ADS-2/m12/ADS-2_Exam-2/In.java:420:13: '(' should be on the previous line. [MethodParamPad]
[ERROR] /Users/heerak/git/ADS-2/ADS-2/m12/ADS-2_Exam-2/In.java:421: Line is longer than 80 characters (found 83). [LineLength]
[ERROR] /Users/heerak/git/ADS-2/ADS-2/m12/ADS-2_Exam-2/In.java:425: Line has trailing spaces. [RegexpSingleline]
[ERROR] /Users/heerak/git/ADS-2/ADS-2/m12/ADS-2_Exam-2/In.java:430: Line has trailing spaces. [RegexpSingleline]
[ERROR] /Users/heerak/git/ADS-2/ADS-2/m12/ADS-2_Exam-2/In.java:439:13: '(' should be on the previous line. [MethodParamPad]
[ERROR] /Users/heerak/git/ADS-2/ADS-2/m12/ADS-2_Exam-2/In.java:440: Line is longer than 80 characters (found 90). [LineLength]
[ERROR] /Users/heerak/git/ADS-2/ADS-2/m12/ADS-2_Exam-2/In.java:443:13: '(' should be on the previous line. [MethodParamPad]
[ERROR] /Users/heerak/git/ADS-2/ADS-2/m12/ADS-2_Exam-2/In.java:444: Line is longer than 80 characters (found 83). [LineLength]
[ERROR] /Users/heerak/git/ADS-2/ADS-2/m12/ADS-2_Exam-2/In.java:465:13: '(' should be on the previous line. [MethodParamPad]
[ERROR] /Users/heerak/git/ADS-2/ADS-2/m12/ADS-2_Exam-2/In.java:466: Line is longer than 80 characters (found 90). [LineLength]
[ERROR] /Users/heerak/git/ADS-2/ADS-2/m12/ADS-2_Exam-2/In.java:469:13: '(' should be on the previous line. [MethodParamPad]
[ERROR] /Users/heerak/git/ADS-2/ADS-2/m12/ADS-2_Exam-2/In.java:470: Line is longer than 80 characters (found 83). [LineLength]
[ERROR] /Users/heerak/git/ADS-2/ADS-2/m12/ADS-2_Exam-2/In.java:487: 'if' construct must use '{}'s. [NeedBraces]
[ERROR] /Users/heerak/git/ADS-2/ADS-2/m12/ADS-2_Exam-2/In.java:488: 'if' construct must use '{}'s. [NeedBraces]
[ERROR] /Users/heerak/git/ADS-2/ADS-2/m12/ADS-2_Exam-2/In.java:489: 'if' construct must use '{}'s. [NeedBraces]
[ERROR] /Users/heerak/git/ADS-2/ADS-2/m12/ADS-2_Exam-2/In.java:490: 'if' construct must use '{}'s. [NeedBraces]
[ERROR] /Users/heerak/git/ADS-2/ADS-2/m12/ADS-2_Exam-2/In.java:492:13: '(' should be on the previous line. [MethodParamPad]
[ERROR] /Users/heerak/git/ADS-2/ADS-2/m12/ADS-2_Exam-2/In.java:493: Line is longer than 80 characters (found 90). [LineLength]
[ERROR] /Users/heerak/git/ADS-2/ADS-2/m12/ADS-2_Exam-2/In.java:496:13: '(' should be on the previous line. [MethodParamPad]
[ERROR] /Users/heerak/git/ADS-2/ADS-2/m12/ADS-2_Exam-2/In.java:497: Line is longer than 80 characters (found 83). [LineLength]
[ERROR] /Users/heerak/git/ADS-2/ADS-2/m12/ADS-2_Exam-2/In.java:512: 'if' construct must use '{}'s. [NeedBraces]
[ERROR] /Users/heerak/git/ADS-2/ADS-2/m12/ADS-2_Exam-2/In.java:515: 'for' construct must use '{}'s. [NeedBraces]
[ERROR] /Users/heerak/git/ADS-2/ADS-2/m12/ADS-2_Exam-2/In.java:520: Line has trailing spaces. [RegexpSingleline]
[ERROR] /Users/heerak/git/ADS-2/ADS-2/m12/ADS-2_Exam-2/In.java:545: 'for' construct must use '{}'s. [NeedBraces]
[ERROR] /Users/heerak/git/ADS-2/ADS-2/m12/ADS-2_Exam-2/In.java:560: 'for' construct must use '{}'s. [NeedBraces]
[ERROR] /Users/heerak/git/ADS-2/ADS-2/m12/ADS-2_Exam-2/In.java:575: 'for' construct must use '{}'s. [NeedBraces]
[ERROR] /Users/heerak/git/ADS-2/ADS-2/m12/ADS-2_Exam-2/In.java:596:34: Parameter filename should be final. [FinalParameters]
[ERROR] /Users/heerak/git/ADS-2/ADS-2/m12/ADS-2_Exam-2/In.java:609:40: Parameter filename should be final. [FinalParameters]
[ERROR] /Users/heerak/git/ADS-2/ADS-2/m12/ADS-2_Exam-2/In.java:622:40: Parameter filename should be final. [FinalParameters]
Audit done.
Checkstyle ends with 82 errors.
Starting audit...
Audit done.
Starting audit...
Audit done.
Starting audit...
[ERROR] /Users/heerak/git/ADS-2/ADS-2/m12/ADS-2_Exam-2/Edge.java:9: Line is longer than 80 characters (found 103). [LineLength]
[ERROR] /Users/heerak/git/ADS-2/ADS-2/m12/ADS-2_Exam-2/Edge.java:16:5: Missing a Javadoc comment. [JavadocVariable]
[ERROR] /Users/heerak/git/ADS-2/ADS-2/m12/ADS-2_Exam-2/Edge.java:17:5: Missing a Javadoc comment. [JavadocVariable]
[ERROR] /Users/heerak/git/ADS-2/ADS-2/m12/ADS-2_Exam-2/Edge.java:18:5: Missing a Javadoc comment. [JavadocVariable]
[ERROR] /Users/heerak/git/ADS-2/ADS-2/m12/ADS-2_Exam-2/Edge.java:30:17: Parameter v should be final. [FinalParameters]
[ERROR] /Users/heerak/git/ADS-2/ADS-2/m12/ADS-2_Exam-2/Edge.java:30:21: 'v' hides a field. [HiddenField]
[ERROR] /Users/heerak/git/ADS-2/ADS-2/m12/ADS-2_Exam-2/Edge.java:30:24: Parameter w should be final. [FinalParameters]
[ERROR] /Users/heerak/git/ADS-2/ADS-2/m12/ADS-2_Exam-2/Edge.java:30:28: 'w' hides a field. [HiddenField]
[ERROR] /Users/heerak/git/ADS-2/ADS-2/m12/ADS-2_Exam-2/Edge.java:30:31: Parameter weight should be final. [FinalParameters]
[ERROR] /Users/heerak/git/ADS-2/ADS-2/m12/ADS-2_Exam-2/Edge.java:30:38: 'weight' hides a field. [HiddenField]
[ERROR] /Users/heerak/git/ADS-2/ADS-2/m12/ADS-2_Exam-2/Edge.java:31: 'if' construct must use '{}'s. [NeedBraces]
[ERROR] /Users/heerak/git/ADS-2/ADS-2/m12/ADS-2_Exam-2/Edge.java:31: Line is longer than 80 characters (found 100). [LineLength]
[ERROR] /Users/heerak/git/ADS-2/ADS-2/m12/ADS-2_Exam-2/Edge.java:32: 'if' construct must use '{}'s. [NeedBraces]
[ERROR] /Users/heerak/git/ADS-2/ADS-2/m12/ADS-2_Exam-2/Edge.java:32: Line is longer than 80 characters (found 100). [LineLength]
[ERROR] /Users/heerak/git/ADS-2/ADS-2/m12/ADS-2_Exam-2/Edge.java:33: 'if' construct must use '{}'s. [NeedBraces]
[ERROR] /Users/heerak/git/ADS-2/ADS-2/m12/ADS-2_Exam-2/Edge.java:33: Line is longer than 80 characters (found 86). [LineLength]
[ERROR] /Users/heerak/git/ADS-2/ADS-2/m12/ADS-2_Exam-2/Edge.java:55: Line is longer than 80 characters (found 81). [LineLength]
[ERROR] /Users/heerak/git/ADS-2/ADS-2/m12/ADS-2_Exam-2/Edge.java:62:22: Parameter vertex should be final. [FinalParameters]
[ERROR] /Users/heerak/git/ADS-2/ADS-2/m12/ADS-2_Exam-2/Edge.java:63: 'if' construct must use '{}'s. [NeedBraces]
[ERROR] /Users/heerak/git/ADS-2/ADS-2/m12/ADS-2_Exam-2/Edge.java:64: 'if' construct must use '{}'s. [NeedBraces]
[ERROR] /Users/heerak/git/ADS-2/ADS-2/m12/ADS-2_Exam-2/Edge.java:65: 'else' construct must use '{}'s. [NeedBraces]
[ERROR] /Users/heerak/git/ADS-2/ADS-2/m12/ADS-2_Exam-2/Edge.java:70: Line is longer than 80 characters (found 86). [LineLength]
[ERROR] /Users/heerak/git/ADS-2/ADS-2/m12/ADS-2_Exam-2/Edge.java:73: Line is longer than 80 characters (found 81). [LineLength]
[ERROR] /Users/heerak/git/ADS-2/ADS-2/m12/ADS-2_Exam-2/Edge.java:78:26: Parameter that should be final. [FinalParameters]
Audit done.
Checkstyle ends with 24 errors.
Starting audit...
Audit done.
Starting audit...
[ERROR] /Users/heerak/git/ADS-2/ADS-2/m12/ADS-2_Exam-2/Stack.java:35: Type Javadoc comment is missing @param <Item> tag. [JavadocType]
[ERROR] /Users/heerak/git/ADS-2/ADS-2/m12/ADS-2_Exam-2/Stack.java:36:5: Missing a Javadoc comment. [JavadocVariable]
[ERROR] /Users/heerak/git/ADS-2/ADS-2/m12/ADS-2_Exam-2/Stack.java:36:17: Name 'N' must match pattern '^[a-z][a-zA-Z0-9]*$'. [MemberName]
[ERROR] /Users/heerak/git/ADS-2/ADS-2/m12/ADS-2_Exam-2/Stack.java:37:5: Missing a Javadoc comment. [JavadocVariable]
[ERROR] /Users/heerak/git/ADS-2/ADS-2/m12/ADS-2_Exam-2/Stack.java:40: Missing a Javadoc comment. [JavadocType]
[ERROR] /Users/heerak/git/ADS-2/ADS-2/m12/ADS-2_Exam-2/Stack.java:41:9: Missing a Javadoc comment. [JavadocVariable]
[ERROR] /Users/heerak/git/ADS-2/ADS-2/m12/ADS-2_Exam-2/Stack.java:42:9: Missing a Javadoc comment. [JavadocVariable]
[ERROR] /Users/heerak/git/ADS-2/ADS-2/m12/ADS-2_Exam-2/Stack.java:54: Expected @return tag. [JavadocMethod]
[ERROR] /Users/heerak/git/ADS-2/ADS-2/m12/ADS-2_Exam-2/Stack.java:61: Expected @return tag. [JavadocMethod]
[ERROR] /Users/heerak/git/ADS-2/ADS-2/m12/ADS-2_Exam-2/Stack.java:67:22: Parameter item should be final. [FinalParameters]
[ERROR] /Users/heerak/git/ADS-2/ADS-2/m12/ADS-2_Exam-2/Stack.java:67:27: Expected @param tag for 'item'. [JavadocMethod]
[ERROR] /Users/heerak/git/ADS-2/ADS-2/m12/ADS-2_Exam-2/Stack.java:78: Expected @return tag. [JavadocMethod]
[ERROR] /Users/heerak/git/ADS-2/ADS-2/m12/ADS-2_Exam-2/Stack.java:79: 'if' construct must use '{}'s. [NeedBraces]
[ERROR] /Users/heerak/git/ADS-2/ADS-2/m12/ADS-2_Exam-2/Stack.java:89: Expected @return tag. [JavadocMethod]
[ERROR] /Users/heerak/git/ADS-2/ADS-2/m12/ADS-2_Exam-2/Stack.java:90: 'if' construct must use '{}'s. [NeedBraces]
[ERROR] /Users/heerak/git/ADS-2/ADS-2/m12/ADS-2_Exam-2/Stack.java:96: Expected @return tag. [JavadocMethod]
[ERROR] /Users/heerak/git/ADS-2/ADS-2/m12/ADS-2_Exam-2/Stack.java:98: 'for' construct must use '{}'s. [NeedBraces]
[ERROR] /Users/heerak/git/ADS-2/ADS-2/m12/ADS-2_Exam-2/Stack.java:103: Line is longer than 80 characters (found 86). [LineLength]
[ERROR] /Users/heerak/git/ADS-2/ADS-2/m12/ADS-2_Exam-2/Stack.java:105: Expected @return tag. [JavadocMethod]
[ERROR] /Users/heerak/git/ADS-2/ADS-2/m12/ADS-2_Exam-2/Stack.java:105:39: '{' at column 39 should have line break after. [LeftCurly]
[ERROR] /Users/heerak/git/ADS-2/ADS-2/m12/ADS-2_Exam-2/Stack.java:108: Missing a Javadoc comment. [JavadocType]
[ERROR] /Users/heerak/git/ADS-2/ADS-2/m12/ADS-2_Exam-2/Stack.java:109:9: Missing a Javadoc comment. [JavadocVariable]
[ERROR] /Users/heerak/git/ADS-2/ADS-2/m12/ADS-2_Exam-2/Stack.java:110: Line is longer than 80 characters (found 81). [LineLength]
[ERROR] /Users/heerak/git/ADS-2/ADS-2/m12/ADS-2_Exam-2/Stack.java:110:35: '{' at column 35 should have line break after. [LeftCurly]
[ERROR] /Users/heerak/git/ADS-2/ADS-2/m12/ADS-2_Exam-2/Stack.java:111: Line is longer than 80 characters (found 81). [LineLength]
[ERROR] /Users/heerak/git/ADS-2/ADS-2/m12/ADS-2_Exam-2/Stack.java:111:35: '{' at column 35 should have line break after. [LeftCurly]
[ERROR] /Users/heerak/git/ADS-2/ADS-2/m12/ADS-2_Exam-2/Stack.java:113:9: Missing a Javadoc comment. [JavadocMethod]
[ERROR] /Users/heerak/git/ADS-2/ADS-2/m12/ADS-2_Exam-2/Stack.java:114: 'if' construct must use '{}'s. [NeedBraces]
Audit done.
Checkstyle ends with 28 errors.
